#
# There is insufficient memory for the Java Runtime Environment to continue.
# Native memory allocation (malloc) failed to allocate 312416 bytes. Error detail: Chunk::new
# Possible reasons:
#   The system is out of physical RAM or swap space
#   This process is running with CompressedOops enabled, and the Java Heap may be blocking the growth of the native heap
# Possible solutions:
#   Reduce memory load on the system
#   Increase physical memory or swap space
#   Check if swap backing store is full
#   Decrease Java heap size (-Xmx/-Xms)
#   Decrease number of Java threads
#   Decrease Java thread stack sizes (-Xss)
#   Set larger code cache with -XX:ReservedCodeCacheSize=
#   JVM is running with Unscaled Compressed Oops mode in which the Java heap is
#     placed in the first 4GB address space. The Java Heap base address is the
#     maximum limit for the native heap growth. Please use -XX:HeapBaseMinAddress
#     to set the Java Heap base and to place the Java Heap above 4GB virtual address.
# This output file may be truncated or incomplete.
#
#  Out of Memory Error (arena.cpp:191), pid=6804, tid=20140
#
# JRE version: OpenJDK Runtime Environment Microsoft-9889599 (17.0.12+7) (build 17.0.12+7-LTS)
# Java VM: OpenJDK 64-Bit Server VM Microsoft-9889599 (17.0.12+7-LTS, mixed mode, sharing, tiered, compressed oops, compressed class ptrs, g1 gc, windows-amd64)
# No core dump will be written. Minidumps are not enabled by default on client versions of Windows
#

---------------  S U M M A R Y ------------

Command Line: -Xmx64m -Xms64m -Dorg.gradle.appname=gradlew org.gradle.wrapper.GradleWrapperMain app:installDebug -PreactNativeDevServerPort=8081

Host: AMD Ryzen 7 3750H with Radeon Vega Mobile Gfx  , 8 cores, 15G,  Windows 10 , 64 bit Build 19041 (10.0.19041.4957)
Time: Tue Oct 15 21:55:46 2024 SE Asia Standard Time elapsed time: 215.449038 seconds (0d 0h 3m 35s)

---------------  T H R E A D  ---------------

Current thread (0x0000019198bfc0a0):  JavaThread "C2 CompilerThread0" daemon [_thread_in_native, id=20140, stack(0x0000008a3dd00000,0x0000008a3de00000)]


Current CompileTask:
C2: 215449 2074 % !   4       java.io.BufferedReader::readLine @ 139 (327 bytes)

Stack: [0x0000008a3dd00000,0x0000008a3de00000]
Native frames: (J=compiled Java code, j=interpreted, Vv=VM code, C=native code)
V  [jvm.dll+0x686d99]
V  [jvm.dll+0x83daf8]
V  [jvm.dll+0x83f5a3]
V  [jvm.dll+0x83fc13]
V  [jvm.dll+0x2492ef]
V  [jvm.dll+0xad0a4]
V  [jvm.dll+0xad73c]
V  [jvm.dll+0x36a44e]
V  [jvm.dll+0x334b83]
V  [jvm.dll+0x33401a]
V  [jvm.dll+0x21a538]
V  [jvm.dll+0x21996f]
V  [jvm.dll+0x1a53e6]
V  [jvm.dll+0x229faa]
V  [jvm.dll+0x2280fb]
V  [jvm.dll+0x7f3508]
V  [jvm.dll+0x7ed87c]
V  [jvm.dll+0x685c77]
C  [ucrtbase.dll+0x21bb2]
C  [KERNEL32.DLL+0x17374]
C  [ntdll.dll+0x4cc91]


---------------  P R O C E S S  ---------------

Threads class SMR info:
_java_thread_list=0x00000191de007710, length=13, elements={
0x00000191fba9c740, 0x0000019198bd2d50, 0x0000019198bd3ae0, 0x0000019198beba00,
0x0000019198bec790, 0x0000019198bf1490, 0x0000019198bf3d70, 0x0000019198bfc0a0,
0x0000019198bfee80, 0x0000019198bfff70, 0x00000191de096430, 0x00000191de09bba0,
0x00000191deded760
}

Java Threads: ( => current thread )
  0x00000191fba9c740 JavaThread "main" [_thread_blocked, id=8344, stack(0x0000008a3d000000,0x0000008a3d100000)]
  0x0000019198bd2d50 JavaThread "Reference Handler" daemon [_thread_blocked, id=6120, stack(0x0000008a3d700000,0x0000008a3d800000)]
  0x0000019198bd3ae0 JavaThread "Finalizer" daemon [_thread_blocked, id=2972, stack(0x0000008a3d800000,0x0000008a3d900000)]
  0x0000019198beba00 JavaThread "Signal Dispatcher" daemon [_thread_blocked, id=18144, stack(0x0000008a3d900000,0x0000008a3da00000)]
  0x0000019198bec790 JavaThread "Attach Listener" daemon [_thread_blocked, id=17248, stack(0x0000008a3da00000,0x0000008a3db00000)]
  0x0000019198bf1490 JavaThread "Service Thread" daemon [_thread_blocked, id=19900, stack(0x0000008a3db00000,0x0000008a3dc00000)]
  0x0000019198bf3d70 JavaThread "Monitor Deflation Thread" daemon [_thread_blocked, id=12848, stack(0x0000008a3dc00000,0x0000008a3dd00000)]
=>0x0000019198bfc0a0 JavaThread "C2 CompilerThread0" daemon [_thread_in_native, id=20140, stack(0x0000008a3dd00000,0x0000008a3de00000)]
  0x0000019198bfee80 JavaThread "C1 CompilerThread0" daemon [_thread_blocked, id=13872, stack(0x0000008a3de00000,0x0000008a3df00000)]
  0x0000019198bfff70 JavaThread "Sweeper thread" daemon [_thread_blocked, id=13136, stack(0x0000008a3df00000,0x0000008a3e000000)]
  0x00000191de096430 JavaThread "Notification Thread" daemon [_thread_blocked, id=5428, stack(0x0000008a3e000000,0x0000008a3e100000)]
  0x00000191de09bba0 JavaThread "Common-Cleaner" daemon [_thread_blocked, id=5244, stack(0x0000008a3e200000,0x0000008a3e300000)]
  0x00000191deded760 JavaThread "DisconnectableInputStream source reader" daemon [_thread_in_native, id=5960, stack(0x0000008a3ec00000,0x0000008a3ed00000)]

Other Threads:
  0x0000019198bcae20 VMThread "VM Thread" [stack: 0x0000008a3d600000,0x0000008a3d700000] [id=17708]
  0x00000191de096f20 WatcherThread [stack: 0x0000008a3e100000,0x0000008a3e200000] [id=19980]
  0x00000191fdd20440 GCTaskThread "GC Thread#0" [stack: 0x0000008a3d100000,0x0000008a3d200000] [id=7620]
  0x00000191dea06f60 GCTaskThread "GC Thread#1" [stack: 0x0000008a3e500000,0x0000008a3e600000] [id=10404]
  0x00000191dea2aa80 GCTaskThread "GC Thread#2" [stack: 0x0000008a3e600000,0x0000008a3e700000] [id=5024]
  0x00000191de948a70 GCTaskThread "GC Thread#3" [stack: 0x0000008a3e700000,0x0000008a3e800000] [id=2360]
  0x00000191de948d30 GCTaskThread "GC Thread#4" [stack: 0x0000008a3e800000,0x0000008a3e900000] [id=2984]
  0x00000191df087050 GCTaskThread "GC Thread#5" [stack: 0x0000008a3e900000,0x0000008a3ea00000] [id=2768]
  0x00000191dedee8b0 GCTaskThread "GC Thread#6" [stack: 0x0000008a3ea00000,0x0000008a3eb00000] [id=5356]
  0x0000019198c88a80 GCTaskThread "GC Thread#7" [stack: 0x0000008a3eb00000,0x0000008a3ec00000] [id=16524]
  0x00000191fdd21aa0 ConcurrentGCThread "G1 Main Marker" [stack: 0x0000008a3d200000,0x0000008a3d300000] [id=16008]
  0x00000191fdd22b70 ConcurrentGCThread "G1 Conc#0" [stack: 0x0000008a3d300000,0x0000008a3d400000] [id=16224]
  0x00000191fddab040 ConcurrentGCThread "G1 Refine#0" [stack: 0x0000008a3d400000,0x0000008a3d500000] [id=7728]
  0x00000191fddab980 ConcurrentGCThread "G1 Service" [stack: 0x0000008a3d500000,0x0000008a3d600000] [id=8856]

Threads with active compile tasks:
C2 CompilerThread0   215478 2074 % !   4       java.io.BufferedReader::readLine @ 139 (327 bytes)

VM state: not at safepoint (normal execution)

VM Mutex/Monitor currently owned by a thread: None

Heap address: 0x00000000fc000000, size: 64 MB, Compressed Oops mode: 32-bit

CDS archive(s) mapped at: [0x0000019199000000-0x0000019199bb0000-0x0000019199bb0000), size 12255232, SharedBaseAddress: 0x0000019199000000, ArchiveRelocationMode: 1.
Compressed class space mapped at: 0x000001919a000000-0x00000191da000000, reserved size: 1073741824
Narrow klass base: 0x0000019199000000, Narrow klass shift: 0, Narrow klass range: 0x100000000

GC Precious Log:
 CPUs: 8 total, 8 available
 Memory: 15808M
 Large Page Support: Disabled
 NUMA Support: Disabled
 Compressed Oops: Enabled (32-bit)
 Heap Region Size: 1M
 Heap Min Capacity: 64M
 Heap Initial Capacity: 64M
 Heap Max Capacity: 64M
 Pre-touch: Disabled
 Parallel Workers: 8
 Concurrent Workers: 2
 Concurrent Refinement Workers: 8
 Periodic GC: Disabled

Heap:
 garbage-first heap   total 65536K, used 20475K [0x00000000fc000000, 0x0000000100000000)
  region size 1024K, 11 young (11264K), 3 survivors (3072K)
 Metaspace       used 10526K, committed 10816K, reserved 1114112K
  class space    used 1352K, committed 1472K, reserved 1048576K

Heap Regions: E=young(eden), S=young(survivor), O=old, HS=humongous(starts), HC=humongous(continues), CS=collection set, F=free, OA=open archive, CA=closed archive, TAMS=top-at-mark-start (previous, next)
|   0|0x00000000fc000000, 0x00000000fc100000, 0x00000000fc100000|100%|HS|  |TAMS 0x00000000fc000000, 0x00000000fc000000| Complete 
|   1|0x00000000fc100000, 0x00000000fc200000, 0x00000000fc200000|100%|HC|  |TAMS 0x00000000fc100000, 0x00000000fc100000| Complete 
|   2|0x00000000fc200000, 0x00000000fc300000, 0x00000000fc300000|100%|HC|  |TAMS 0x00000000fc200000, 0x00000000fc200000| Complete 
|   3|0x00000000fc300000, 0x00000000fc400000, 0x00000000fc400000|100%|HC|  |TAMS 0x00000000fc300000, 0x00000000fc300000| Complete 
|   4|0x00000000fc400000, 0x00000000fc500000, 0x00000000fc500000|100%| O|  |TAMS 0x00000000fc400000, 0x00000000fc400000| Untracked 
|   5|0x00000000fc500000, 0x00000000fc600000, 0x00000000fc600000|100%| O|  |TAMS 0x00000000fc500000, 0x00000000fc500000| Untracked 
|   6|0x00000000fc600000, 0x00000000fc700000, 0x00000000fc700000|100%| O|  |TAMS 0x00000000fc600000, 0x00000000fc600000| Untracked 
|   7|0x00000000fc700000, 0x00000000fc800000, 0x00000000fc800000|100%| O|  |TAMS 0x00000000fc700000, 0x00000000fc700000| Untracked 
|   8|0x00000000fc800000, 0x00000000fc900000, 0x00000000fc900000|100%| O|  |TAMS 0x00000000fc800000, 0x00000000fc800000| Untracked 
|   9|0x00000000fc900000, 0x00000000fca00000, 0x00000000fca00000|100%| O|  |TAMS 0x00000000fc900000, 0x00000000fc900000| Untracked 
|  10|0x00000000fca00000, 0x00000000fcadbe00, 0x00000000fcb00000| 85%| O|  |TAMS 0x00000000fca00000, 0x00000000fca00000| Untracked 
|  11|0x00000000fcb00000, 0x00000000fcb00000, 0x00000000fcc00000|  0%| F|  |TAMS 0x00000000fcb00000, 0x00000000fcb00000| Untracked 
|  12|0x00000000fcc00000, 0x00000000fcc00000, 0x00000000fcd00000|  0%| F|  |TAMS 0x00000000fcc00000, 0x00000000fcc00000| Untracked 
|  13|0x00000000fcd00000, 0x00000000fcd00000, 0x00000000fce00000|  0%| F|  |TAMS 0x00000000fcd00000, 0x00000000fcd00000| Untracked 
|  14|0x00000000fce00000, 0x00000000fce00000, 0x00000000fcf00000|  0%| F|  |TAMS 0x00000000fce00000, 0x00000000fce00000| Untracked 
|  15|0x00000000fcf00000, 0x00000000fcf00000, 0x00000000fd000000|  0%| F|  |TAMS 0x00000000fcf00000, 0x00000000fcf00000| Untracked 
|  16|0x00000000fd000000, 0x00000000fd000000, 0x00000000fd100000|  0%| F|  |TAMS 0x00000000fd000000, 0x00000000fd000000| Untracked 
|  17|0x00000000fd100000, 0x00000000fd100000, 0x00000000fd200000|  0%| F|  |TAMS 0x00000000fd100000, 0x00000000fd100000| Untracked 
|  18|0x00000000fd200000, 0x00000000fd200000, 0x00000000fd300000|  0%| F|  |TAMS 0x00000000fd200000, 0x00000000fd200000| Untracked 
|  19|0x00000000fd300000, 0x00000000fd300000, 0x00000000fd400000|  0%| F|  |TAMS 0x00000000fd300000, 0x00000000fd300000| Untracked 
|  20|0x00000000fd400000, 0x00000000fd400000, 0x00000000fd500000|  0%| F|  |TAMS 0x00000000fd400000, 0x00000000fd400000| Untracked 
|  21|0x00000000fd500000, 0x00000000fd500000, 0x00000000fd600000|  0%| F|  |TAMS 0x00000000fd500000, 0x00000000fd500000| Untracked 
|  22|0x00000000fd600000, 0x00000000fd600000, 0x00000000fd700000|  0%| F|  |TAMS 0x00000000fd600000, 0x00000000fd600000| Untracked 
|  23|0x00000000fd700000, 0x00000000fd700000, 0x00000000fd800000|  0%| F|  |TAMS 0x00000000fd700000, 0x00000000fd700000| Untracked 
|  24|0x00000000fd800000, 0x00000000fd800000, 0x00000000fd900000|  0%| F|  |TAMS 0x00000000fd800000, 0x00000000fd800000| Untracked 
|  25|0x00000000fd900000, 0x00000000fd900000, 0x00000000fda00000|  0%| F|  |TAMS 0x00000000fd900000, 0x00000000fd900000| Untracked 
|  26|0x00000000fda00000, 0x00000000fda00000, 0x00000000fdb00000|  0%| F|  |TAMS 0x00000000fda00000, 0x00000000fda00000| Untracked 
|  27|0x00000000fdb00000, 0x00000000fdb00000, 0x00000000fdc00000|  0%| F|  |TAMS 0x00000000fdb00000, 0x00000000fdb00000| Untracked 
|  28|0x00000000fdc00000, 0x00000000fdc00000, 0x00000000fdd00000|  0%| F|  |TAMS 0x00000000fdc00000, 0x00000000fdc00000| Untracked 
|  29|0x00000000fdd00000, 0x00000000fdd00000, 0x00000000fde00000|  0%| F|  |TAMS 0x00000000fdd00000, 0x00000000fdd00000| Untracked 
|  30|0x00000000fde00000, 0x00000000fde00000, 0x00000000fdf00000|  0%| F|  |TAMS 0x00000000fde00000, 0x00000000fde00000| Untracked 
|  31|0x00000000fdf00000, 0x00000000fdf00000, 0x00000000fe000000|  0%| F|  |TAMS 0x00000000fdf00000, 0x00000000fdf00000| Untracked 
|  32|0x00000000fe000000, 0x00000000fe000000, 0x00000000fe100000|  0%| F|  |TAMS 0x00000000fe000000, 0x00000000fe000000| Untracked 
|  33|0x00000000fe100000, 0x00000000fe100000, 0x00000000fe200000|  0%| F|  |TAMS 0x00000000fe100000, 0x00000000fe100000| Untracked 
|  34|0x00000000fe200000, 0x00000000fe200000, 0x00000000fe300000|  0%| F|  |TAMS 0x00000000fe200000, 0x00000000fe200000| Untracked 
|  35|0x00000000fe300000, 0x00000000fe300000, 0x00000000fe400000|  0%| F|  |TAMS 0x00000000fe300000, 0x00000000fe300000| Untracked 
|  36|0x00000000fe400000, 0x00000000fe4230e0, 0x00000000fe500000| 13%| S|CS|TAMS 0x00000000fe400000, 0x00000000fe400000| Complete 
|  37|0x00000000fe500000, 0x00000000fe600000, 0x00000000fe600000|100%| S|CS|TAMS 0x00000000fe500000, 0x00000000fe500000| Complete 
|  38|0x00000000fe600000, 0x00000000fe600000, 0x00000000fe700000|  0%| F|  |TAMS 0x00000000fe600000, 0x00000000fe600000| Untracked 
|  39|0x00000000fe700000, 0x00000000fe700000, 0x00000000fe800000|  0%| F|  |TAMS 0x00000000fe700000, 0x00000000fe700000| Untracked 
|  40|0x00000000fe800000, 0x00000000fe800000, 0x00000000fe900000|  0%| F|  |TAMS 0x00000000fe800000, 0x00000000fe800000| Untracked 
|  41|0x00000000fe900000, 0x00000000fea00000, 0x00000000fea00000|100%| S|CS|TAMS 0x00000000fe900000, 0x00000000fe900000| Complete 
|  42|0x00000000fea00000, 0x00000000fea00000, 0x00000000feb00000|  0%| F|  |TAMS 0x00000000fea00000, 0x00000000fea00000| Untracked 
|  43|0x00000000feb00000, 0x00000000feb00000, 0x00000000fec00000|  0%| F|  |TAMS 0x00000000feb00000, 0x00000000feb00000| Untracked 
|  44|0x00000000fec00000, 0x00000000fec00000, 0x00000000fed00000|  0%| F|  |TAMS 0x00000000fec00000, 0x00000000fec00000| Untracked 
|  45|0x00000000fed00000, 0x00000000fed00000, 0x00000000fee00000|  0%| F|  |TAMS 0x00000000fed00000, 0x00000000fed00000| Untracked 
|  46|0x00000000fee00000, 0x00000000fee00000, 0x00000000fef00000|  0%| F|  |TAMS 0x00000000fee00000, 0x00000000fee00000| Untracked 
|  47|0x00000000fef00000, 0x00000000fef00000, 0x00000000ff000000|  0%| F|  |TAMS 0x00000000fef00000, 0x00000000fef00000| Untracked 
|  48|0x00000000ff000000, 0x00000000ff000000, 0x00000000ff100000|  0%| F|  |TAMS 0x00000000ff000000, 0x00000000ff000000| Untracked 
|  49|0x00000000ff100000, 0x00000000ff100000, 0x00000000ff200000|  0%| F|  |TAMS 0x00000000ff100000, 0x00000000ff100000| Untracked 
|  50|0x00000000ff200000, 0x00000000ff200000, 0x00000000ff300000|  0%| F|  |TAMS 0x00000000ff200000, 0x00000000ff200000| Untracked 
|  51|0x00000000ff300000, 0x00000000ff300000, 0x00000000ff400000|  0%| F|  |TAMS 0x00000000ff300000, 0x00000000ff300000| Untracked 
|  52|0x00000000ff400000, 0x00000000ff400000, 0x00000000ff500000|  0%| F|  |TAMS 0x00000000ff400000, 0x00000000ff400000| Untracked 
|  53|0x00000000ff500000, 0x00000000ff500000, 0x00000000ff600000|  0%| F|  |TAMS 0x00000000ff500000, 0x00000000ff500000| Untracked 
|  54|0x00000000ff600000, 0x00000000ff600000, 0x00000000ff700000|  0%| F|  |TAMS 0x00000000ff600000, 0x00000000ff600000| Untracked 
|  55|0x00000000ff700000, 0x00000000ff700000, 0x00000000ff800000|  0%| F|  |TAMS 0x00000000ff700000, 0x00000000ff700000| Untracked 
|  56|0x00000000ff800000, 0x00000000ff900000, 0x00000000ff900000|100%| E|  |TAMS 0x00000000ff800000, 0x00000000ff800000| Complete 
|  57|0x00000000ff900000, 0x00000000ffa00000, 0x00000000ffa00000|100%| E|CS|TAMS 0x00000000ff900000, 0x00000000ff900000| Complete 
|  58|0x00000000ffa00000, 0x00000000ffb00000, 0x00000000ffb00000|100%| E|CS|TAMS 0x00000000ffa00000, 0x00000000ffa00000| Complete 
|  59|0x00000000ffb00000, 0x00000000ffc00000, 0x00000000ffc00000|100%| E|CS|TAMS 0x00000000ffb00000, 0x00000000ffb00000| Complete 
|  60|0x00000000ffc00000, 0x00000000ffd00000, 0x00000000ffd00000|100%| E|CS|TAMS 0x00000000ffc00000, 0x00000000ffc00000| Complete 
|  61|0x00000000ffd00000, 0x00000000ffe00000, 0x00000000ffe00000|100%| E|CS|TAMS 0x00000000ffd00000, 0x00000000ffd00000| Complete 
|  62|0x00000000ffe00000, 0x00000000fff00000, 0x00000000fff00000|100%| E|CS|TAMS 0x00000000ffe00000, 0x00000000ffe00000| Complete 
|  63|0x00000000fff00000, 0x0000000100000000, 0x0000000100000000|100%| E|CS|TAMS 0x00000000fff00000, 0x00000000fff00000| Complete 

Card table byte_map: [0x00000191fbbc0000,0x00000191fbbe0000] _byte_map_base: 0x00000191fb3e0000

Marking Bits (Prev, Next): (CMBitMap*) 0x00000191fdd20970, (CMBitMap*) 0x00000191fdd209b0
 Prev Bits: [0x00000191fe0f0000, 0x00000191fe1f0000)
 Next Bits: [0x00000191fe1f0000, 0x00000191fe2f0000)

Polling page: 0x00000191fbb70000

Metaspace:

Usage:
  Non-class:      8.96 MB used.
      Class:      1.32 MB used.
       Both:     10.28 MB used.

Virtual space:
  Non-class space:       64.00 MB reserved,       9.12 MB ( 14%) committed,  1 nodes.
      Class space:        1.00 GB reserved,       1.44 MB ( <1%) committed,  1 nodes.
             Both:        1.06 GB reserved,      10.56 MB ( <1%) committed. 

Chunk freelists:
   Non-Class:  6.17 MB
       Class:  14.54 MB
        Both:  20.71 MB

MaxMetaspaceSize: unlimited
CompressedClassSpaceSize: 1.00 GB
Initial GC threshold: 21.00 MB
Current GC threshold: 21.00 MB
CDS: on
MetaspaceReclaimPolicy: balanced
 - commit_granule_bytes: 65536.
 - commit_granule_words: 8192.
 - virtual_space_node_default_size: 8388608.
 - enlarge_chunks_in_place: 1.
 - new_chunks_are_fully_committed: 0.
 - uncommit_free_chunks: 1.
 - use_allocation_guard: 0.
 - handle_deallocations: 1.


Internal statistics:

num_allocs_failed_limit: 0.
num_arena_births: 98.
num_arena_deaths: 0.
num_vsnodes_births: 2.
num_vsnodes_deaths: 0.
num_space_committed: 169.
num_space_uncommitted: 0.
num_chunks_returned_to_freelist: 0.
num_chunks_taken_from_freelist: 377.
num_chunk_merges: 0.
num_chunk_splits: 258.
num_chunks_enlarged: 211.
num_inconsistent_stats: 0.

CodeHeap 'non-profiled nmethods': size=120000Kb used=798Kb max_used=798Kb free=119201Kb
 bounds [0x000001918f540000, 0x000001918f7b0000, 0x0000019196a70000]
CodeHeap 'profiled nmethods': size=120000Kb used=4081Kb max_used=4081Kb free=115919Kb
 bounds [0x0000019187a70000, 0x0000019187e70000, 0x000001918efa0000]
CodeHeap 'non-nmethods': size=5760Kb used=1194Kb max_used=1209Kb free=4565Kb
 bounds [0x000001918efa0000, 0x000001918f210000, 0x000001918f540000]
 total_blobs=2574 nmethods=2085 adapters=401
 compilation: enabled
              stopped_count=0, restarted_count=0
 full_count=0

Compilation events (20 events):
Event: 215.416 Thread 0x0000019198bfee80 2073       3       java.util.LinkedList::isPositionIndex (18 bytes)
Event: 215.416 Thread 0x0000019198bfee80 nmethod 2073 0x0000019187e67b90 code [0x0000019187e67d20, 0x0000019187e67eb8]
Event: 215.416 Thread 0x0000019198bfee80 2075       3       java.util.LinkedList::node (65 bytes)
Event: 215.416 Thread 0x0000019198bfee80 nmethod 2075 0x0000019187e67f90 code [0x0000019187e68140, 0x0000019187e68418]
Event: 215.418 Thread 0x0000019198bfee80 2078       3       java.lang.invoke.AbstractValidatingLambdaMetafactory::isAdaptableTo (126 bytes)
Event: 215.419 Thread 0x0000019198bfee80 nmethod 2078 0x0000019187e68590 code [0x0000019187e68820, 0x0000019187e69268]
Event: 215.429 Thread 0x0000019198bfee80 2080       3       java.util.concurrent.ConcurrentHashMap::sumCount (60 bytes)
Event: 215.429 Thread 0x0000019198bfee80 nmethod 2080 0x0000019187e69610 code [0x0000019187e697c0, 0x0000019187e69a18]
Event: 215.429 Thread 0x0000019198bfee80 2081       3       java.util.concurrent.ConcurrentHashMap::resizeStamp (9 bytes)
Event: 215.430 Thread 0x0000019198bfee80 nmethod 2081 0x0000019187e69b10 code [0x0000019187e69ca0, 0x0000019187e69dc8]
Event: 215.433 Thread 0x0000019198bfee80 2082       3       sun.invoke.util.VerifyAccess::isMemberAccessible (338 bytes)
Event: 215.435 Thread 0x0000019198bfee80 nmethod 2082 0x0000019187e69e90 code [0x0000019187e6a220, 0x0000019187e6b5c8]
Event: 215.438 Thread 0x0000019198bfee80 2085       1       java.lang.invoke.MethodHandleImpl::isCompileConstant (2 bytes)
Event: 215.439 Thread 0x0000019198bfee80 nmethod 2085 0x000001918f607190 code [0x000001918f607320, 0x000001918f6073d8]
Event: 215.441 Thread 0x0000019198bfee80 2086       3       java.util.ArrayList::<init> (63 bytes)
Event: 215.441 Thread 0x0000019198bfee80 nmethod 2086 0x0000019187e6bb10 code [0x0000019187e6bd00, 0x0000019187e6c298]
Event: 215.441 Thread 0x0000019198bfee80 2087       1       org.gradle.internal.logging.events.StyledTextOutputEvent$Span::access$000 (5 bytes)
Event: 215.441 Thread 0x0000019198bfee80 nmethod 2087 0x000001918f607490 code [0x000001918f607620, 0x000001918f6076d8]
Event: 215.441 Thread 0x0000019198bfee80 2088       1       org.gradle.internal.logging.events.StyledTextOutputEvent$Span::access$100 (5 bytes)
Event: 215.442 Thread 0x0000019198bfee80 nmethod 2088 0x000001918f607790 code [0x000001918f607920, 0x000001918f6079d8]

GC Heap History (4 events):
Event: 1.096 GC heap before
{Heap before GC invocations=0 (full 0):
 garbage-first heap   total 65536K, used 26624K [0x00000000fc000000, 0x0000000100000000)
  region size 1024K, 23 young (23552K), 0 survivors (0K)
 Metaspace       used 3717K, committed 3840K, reserved 1114112K
  class space    used 450K, committed 512K, reserved 1048576K
}
Event: 1.104 GC heap after
{Heap after GC invocations=1 (full 0):
 garbage-first heap   total 65536K, used 10832K [0x00000000fc000000, 0x0000000100000000)
  region size 1024K, 3 young (3072K), 3 survivors (3072K)
 Metaspace       used 3717K, committed 3840K, reserved 1114112K
  class space    used 450K, committed 512K, reserved 1048576K
}
Event: 8.854 GC heap before
{Heap before GC invocations=1 (full 0):
 garbage-first heap   total 65536K, used 33360K [0x00000000fc000000, 0x0000000100000000)
  region size 1024K, 25 young (25600K), 3 survivors (3072K)
 Metaspace       used 9226K, committed 9472K, reserved 1114112K
  class space    used 1220K, committed 1344K, reserved 1048576K
}
Event: 8.859 GC heap after
{Heap after GC invocations=2 (full 0):
 garbage-first heap   total 65536K, used 13307K [0x00000000fc000000, 0x0000000100000000)
  region size 1024K, 3 young (3072K), 3 survivors (3072K)
 Metaspace       used 9226K, committed 9472K, reserved 1114112K
  class space    used 1220K, committed 1344K, reserved 1048576K
}

Dll operation events (13 events):
Event: 0.013 Loaded shared library C:\Program Files\Microsoft\jdk-17.0.12.7-hotspot\bin\java.dll
Event: 0.046 Loaded shared library C:\Program Files\Microsoft\jdk-17.0.12.7-hotspot\bin\jsvml.dll
Event: 0.091 Loaded shared library C:\Program Files\Microsoft\jdk-17.0.12.7-hotspot\bin\net.dll
Event: 0.094 Loaded shared library C:\Program Files\Microsoft\jdk-17.0.12.7-hotspot\bin\nio.dll
Event: 0.098 Loaded shared library C:\Program Files\Microsoft\jdk-17.0.12.7-hotspot\bin\zip.dll
Event: 0.506 Loaded shared library C:\Program Files\Microsoft\jdk-17.0.12.7-hotspot\bin\jimage.dll
Event: 0.638 Loaded shared library C:\Program Files\Microsoft\jdk-17.0.12.7-hotspot\bin\verify.dll
Event: 1.198 Loaded shared library C:\Users\ducma\.gradle\native\c067742578af261105cb4f569cf0c3c89f3d7b1fecec35dd04571415982c5e48\windows-amd64\native-platform.dll
Event: 1.236 Loaded shared library C:\Users\ducma\.gradle\native\jansi\1.18\windows64\jansi.dll
Event: 1.479 Loaded shared library C:\Program Files\Microsoft\jdk-17.0.12.7-hotspot\bin\management.dll
Event: 1.484 Loaded shared library C:\Program Files\Microsoft\jdk-17.0.12.7-hotspot\bin\management_ext.dll
Event: 2.000 Loaded shared library C:\Program Files\Microsoft\jdk-17.0.12.7-hotspot\bin\extnet.dll
Event: 8.900 Loaded shared library C:\Program Files\Microsoft\jdk-17.0.12.7-hotspot\bin\sunmscapi.dll

Deoptimization events (20 events):
Event: 132.149 Thread 0x00000191de941620 DEOPT PACKING pc=0x000001918f5ecd00 sp=0x0000008a3e4fe870
Event: 132.149 Thread 0x00000191de941620 DEOPT UNPACKING pc=0x000001918eff69a3 sp=0x0000008a3e4fe770 mode 2
Event: 135.810 Thread 0x00000191fba9c740 Uncommon trap: trap_request=0xffffff45 fr.pc=0x000001918f5fb058 relative=0x00000000000005b8
Event: 135.810 Thread 0x00000191fba9c740 Uncommon trap: reason=unstable_if action=reinterpret pc=0x000001918f5fb058 method=com.esotericsoftware.kryo.io.Input.readUtf8(I)V @ 79 c2
Event: 135.810 Thread 0x00000191fba9c740 DEOPT PACKING pc=0x000001918f5fb058 sp=0x0000008a3d0fc1d0
Event: 135.810 Thread 0x00000191fba9c740 DEOPT UNPACKING pc=0x000001918eff69a3 sp=0x0000008a3d0fc168 mode 2
Event: 211.792 Thread 0x00000191de941620 DEOPT PACKING pc=0x0000019187ddbf03 sp=0x0000008a3e4fea00
Event: 211.792 Thread 0x00000191de941620 DEOPT UNPACKING pc=0x000001918eff7143 sp=0x0000008a3e4fde70 mode 0
Event: 215.410 Thread 0x00000191fba9c740 Uncommon trap: trap_request=0xffffff45 fr.pc=0x000001918f5fcc84 relative=0x0000000000000584
Event: 215.410 Thread 0x00000191fba9c740 Uncommon trap: reason=unstable_if action=reinterpret pc=0x000001918f5fcc84 method=com.esotericsoftware.kryo.io.Input.require(I)I @ 180 c2
Event: 215.410 Thread 0x00000191fba9c740 DEOPT PACKING pc=0x000001918f5fcc84 sp=0x0000008a3d0fc5e0
Event: 215.410 Thread 0x00000191fba9c740 DEOPT UNPACKING pc=0x000001918eff69a3 sp=0x0000008a3d0fc448 mode 2
Event: 215.420 Thread 0x00000191fba9c740 Uncommon trap: trap_request=0xffffff45 fr.pc=0x000001918f5c6564 relative=0x00000000000001c4
Event: 215.420 Thread 0x00000191fba9c740 Uncommon trap: reason=unstable_if action=reinterpret pc=0x000001918f5c6564 method=java.net.URI$Parser.scan(IILjava/lang/String;)I @ 26 c2
Event: 215.420 Thread 0x00000191fba9c740 DEOPT PACKING pc=0x000001918f5c6564 sp=0x0000008a3d0fc4f0
Event: 215.420 Thread 0x00000191fba9c740 DEOPT UNPACKING pc=0x000001918eff69a3 sp=0x0000008a3d0fc480 mode 2
Event: 215.441 Thread 0x00000191fba9c740 Uncommon trap: trap_request=0xffffff45 fr.pc=0x000001918f5f76b4 relative=0x0000000000000e34
Event: 215.441 Thread 0x00000191fba9c740 Uncommon trap: reason=unstable_if action=reinterpret pc=0x000001918f5f76b4 method=org.gradle.internal.logging.console.DefaultRedrawableLabel.redraw(Lorg/gradle/internal/logging/console/AnsiContext;)V @ 15 c2
Event: 215.441 Thread 0x00000191fba9c740 DEOPT PACKING pc=0x000001918f5f76b4 sp=0x0000008a3d0fc9c0
Event: 215.441 Thread 0x00000191fba9c740 DEOPT UNPACKING pc=0x000001918eff69a3 sp=0x0000008a3d0fc9f8 mode 2

Classes loaded (20 events):
Event: 131.728 Loading class jdk/internal/logger/LoggerFinderLoader$TemporaryLoggerFinder
Event: 131.729 Loading class jdk/internal/logger/LoggerFinderLoader$TemporaryLoggerFinder done
Event: 131.729 Loading class sun/util/logging/internal/LoggingProviderImpl$JULWrapper
Event: 131.730 Loading class sun/util/logging/PlatformLogger$ConfigurableBridge$LoggerConfiguration
Event: 131.730 Loading class sun/util/logging/PlatformLogger$ConfigurableBridge$LoggerConfiguration done
Event: 131.730 Loading class sun/util/logging/internal/LoggingProviderImpl$JULWrapper done
Event: 131.731 Loading class java/io/ObjectInputFilter
Event: 131.731 Loading class java/io/ObjectInputFilter done
Event: 131.732 Loading class java/io/ObjectInputFilter$Config$BuiltinFilterFactory
Event: 131.733 Loading class java/io/ObjectInputFilter$Config$BuiltinFilterFactory done
Event: 131.733 Loading class jdk/internal/access/JavaObjectInputFilterAccess
Event: 131.733 Loading class jdk/internal/access/JavaObjectInputFilterAccess done
Event: 131.736 Loading class java/lang/System$Logger$Level
Event: 131.736 Loading class java/lang/System$Logger$Level done
Event: 131.736 Loading class java/io/Bits
Event: 131.737 Loading class java/io/Bits done
Event: 215.409 Loading class sun/net/ConnectionResetException
Event: 215.409 Loading class sun/net/ConnectionResetException done
Event: 215.422 Loading class java/util/concurrent/ConcurrentLinkedQueue$Itr
Event: 215.423 Loading class java/util/concurrent/ConcurrentLinkedQueue$Itr done

Classes unloaded (0 events):
No events

Classes redefined (0 events):
No events

Internal exceptions (20 events):
Event: 1.164 Thread 0x00000191fba9c740 Exception <a 'java/lang/NoSuchMethodError'{0x00000000fffdd918}: 'int java.lang.invoke.DirectMethodHandle$Holder.invokeSpecial(java.lang.Object, java.lang.Object, java.lang.Object)'> (0x00000000fffdd918) 
thrown [s\src\hotspot\share\interpreter\linkResolver.cpp, line 759]
Event: 1.172 Thread 0x00000191fba9c740 Exception <a 'java/lang/NoSuchMethodError'{0x00000000ffe0ed80}: 'java.lang.Object java.lang.invoke.Invokers$Holder.invokeExact_MT(java.lang.Object, java.lang.Object, java.lang.Object, java.lang.Object)'> (0x00000000ffe0ed80) 
thrown [s\src\hotspot\share\interpreter\linkResolver.cpp, line 759]
Event: 1.415 Thread 0x00000191fba9c740 Exception <a 'java/lang/NoSuchMethodError'{0x00000000ff874cd8}: 'void java.lang.invoke.DirectMethodHandle$Holder.invokeSpecial(java.lang.Object, java.lang.Object, java.lang.Object)'> (0x00000000ff874cd8) 
thrown [s\src\hotspot\share\interpreter\linkResolver.cpp, line 759]
Event: 1.432 Thread 0x00000191fba9c740 Implicit null exception at 0x000001918f594d0a to 0x000001918f595250
Event: 1.432 Thread 0x00000191fba9c740 Implicit null exception at 0x000001918f58210f to 0x000001918f582654
Event: 1.476 Thread 0x00000191fba9c740 Exception <a 'java/lang/NoSuchMethodError'{0x00000000ff60d700}: 'java.lang.Object java.lang.invoke.DirectMethodHandle$Holder.invokeStaticInit(java.lang.Object)'> (0x00000000ff60d700) 
thrown [s\src\hotspot\share\interpreter\linkResolver.cpp, line 759]
Event: 1.523 Thread 0x00000191fba9c740 Exception <a 'java/lang/NoSuchMethodError'{0x00000000ff6a9688}: 'int java.lang.invoke.DirectMethodHandle$Holder.invokeVirtual(java.lang.Object, java.lang.Object, java.lang.Object)'> (0x00000000ff6a9688) 
thrown [s\src\hotspot\share\interpreter\linkResolver.cpp, line 759]
Event: 1.532 Thread 0x00000191fba9c740 Exception <a 'java/lang/NoSuchMethodError'{0x00000000ff6ebf78}: 'java.lang.Object java.lang.invoke.DirectMethodHandle$Holder.invokeVirtual(java.lang.Object, java.lang.Object, java.lang.Object)'> (0x00000000ff6ebf78) 
thrown [s\src\hotspot\share\interpreter\linkResolver.cpp, line 759]
Event: 1.670 Thread 0x00000191fba9c740 Exception <a 'java/lang/NoSuchMethodError'{0x00000000ff2626d0}: 'java.lang.Object java.lang.invoke.DirectMethodHandle$Holder.invokeStaticInit(java.lang.Object, int, int, int, int)'> (0x00000000ff2626d0) 
thrown [s\src\hotspot\share\interpreter\linkResolver.cpp, line 759]
Event: 1.753 Thread 0x00000191fba9c740 Exception <a 'java/lang/NoSuchMethodError'{0x00000000ff2981d8}: 'java.lang.Object java.lang.invoke.DirectMethodHandle$Holder.invokeStaticInit(java.lang.Object, java.lang.Object, int, int, int, int)'> (0x00000000ff2981d8) 
thrown [s\src\hotspot\share\interpreter\linkResolver.cpp, line 759]
Event: 2.003 Thread 0x00000191fba9c740 Exception <a 'java/lang/NoSuchMethodError'{0x00000000ff2c5ee0}: 'void java.lang.invoke.DirectMethodHandle$Holder.invokeStatic(java.lang.Object, java.lang.Object, java.lang.Object)'> (0x00000000ff2c5ee0) 
thrown [s\src\hotspot\share\interpreter\linkResolver.cpp, line 759]
Event: 2.472 Thread 0x00000191dee21590 Exception <a 'java/lang/NoSuchMethodError'{0x00000000feb7f048}: 'void java.lang.invoke.DirectMethodHandle$Holder.invokeStatic(java.lang.Object, long)'> (0x00000000feb7f048) 
thrown [s\src\hotspot\share\interpreter\linkResolver.cpp, line 759]
Event: 2.472 Thread 0x00000191dee21590 Exception <a 'java/lang/NoSuchMethodError'{0x00000000feb849a0}: 'java.lang.Object java.lang.invoke.DirectMethodHandle$Holder.newInvokeSpecial(java.lang.Object, long)'> (0x00000000feb849a0) 
thrown [s\src\hotspot\share\interpreter\linkResolver.cpp, line 759]
Event: 2.476 Thread 0x00000191dee21590 Exception <a 'java/lang/NoSuchMethodError'{0x00000000feb8f538}: 'java.lang.Object java.lang.invoke.DirectMethodHandle$Holder.invokeStaticInit(java.lang.Object, java.lang.Object, long, java.lang.Object)'> (0x00000000feb8f538) 
thrown [s\src\hotspot\share\interpreter\linkResolver.cpp, line 759]
Event: 2.477 Thread 0x00000191dee21590 Exception <a 'java/lang/NoSuchMethodError'{0x00000000feb95bc0}: 'java.lang.Object java.lang.invoke.DirectMethodHandle$Holder.newInvokeSpecial(java.lang.Object, java.lang.Object, long)'> (0x00000000feb95bc0) 
thrown [s\src\hotspot\share\interpreter\linkResolver.cpp, line 759]
Event: 2.477 Thread 0x00000191dee21590 Exception <a 'java/lang/NoSuchMethodError'{0x00000000feb99eb0}: 'java.lang.Object java.lang.invoke.Invokers$Holder.linkToTargetMethod(java.lang.Object, long, java.lang.Object)'> (0x00000000feb99eb0) 
thrown [s\src\hotspot\share\interpreter\linkResolver.cpp, line 759]
Event: 215.409 Thread 0x00000191fba9c740 Exception <a 'sun/net/ConnectionResetException'{0x00000000ff9cac38}: Connection reset> (0x00000000ff9cac38) 
thrown [s\src\hotspot\share\prims\jni.cpp, line 535]
Event: 215.417 Thread 0x00000191fba9c740 Exception <a 'java/lang/NoSuchMethodError'{0x00000000ff9fde58}: 'int java.lang.invoke.DirectMethodHandle$Holder.invokeVirtual(java.lang.Object, java.lang.Object)'> (0x00000000ff9fde58) 
thrown [s\src\hotspot\share\interpreter\linkResolver.cpp, line 759]
Event: 215.420 Thread 0x0000019198c82100 Exception <a 'java/io/IOException'{0x00000000ffe95f18}: Connection reset by peer> (0x00000000ffe95f18) 
thrown [s\src\hotspot\share\prims\jni.cpp, line 535]
Event: 215.436 Thread 0x00000191fba9c740 Exception <a 'java/lang/NoSuchMethodError'{0x00000000ff8891c0}: 'void java.lang.invoke.DirectMethodHandle$Holder.invokeStatic(java.lang.Object, int, java.lang.Object)'> (0x00000000ff8891c0) 
thrown [s\src\hotspot\share\interpreter\linkResolver.cpp, line 759]

VM Operations (20 events):
Event: 137.706 Executing VM operation: Cleanup
Event: 137.706 Executing VM operation: Cleanup done
Event: 140.728 Executing VM operation: Cleanup
Event: 140.728 Executing VM operation: Cleanup done
Event: 143.743 Executing VM operation: Cleanup
Event: 143.743 Executing VM operation: Cleanup done
Event: 145.758 Executing VM operation: Cleanup
Event: 145.759 Executing VM operation: Cleanup done
Event: 147.773 Executing VM operation: Cleanup
Event: 147.773 Executing VM operation: Cleanup done
Event: 148.777 Executing VM operation: Cleanup
Event: 148.777 Executing VM operation: Cleanup done
Event: 153.811 Executing VM operation: Cleanup
Event: 153.811 Executing VM operation: Cleanup done
Event: 199.245 Executing VM operation: Cleanup
Event: 199.245 Executing VM operation: Cleanup done
Event: 206.289 Executing VM operation: Cleanup
Event: 206.290 Executing VM operation: Cleanup done
Event: 209.319 Executing VM operation: Cleanup
Event: 209.319 Executing VM operation: Cleanup done

Events (20 events):
Event: 0.063 Thread 0x0000019198bf3d70 Thread added: 0x0000019198bf3d70
Event: 0.063 Thread 0x0000019198bfc0a0 Thread added: 0x0000019198bfc0a0
Event: 0.063 Thread 0x0000019198bfee80 Thread added: 0x0000019198bfee80
Event: 0.064 Thread 0x0000019198bfff70 Thread added: 0x0000019198bfff70
Event: 0.085 Thread 0x00000191de096430 Thread added: 0x00000191de096430
Event: 0.087 Thread 0x00000191de09bba0 Thread added: 0x00000191de09bba0
Event: 0.530 Thread 0x00000191de260dd0 Thread added: 0x00000191de260dd0
Event: 0.530 Thread 0x00000191de2612f0 Thread added: 0x00000191de2612f0
Event: 1.225 Thread 0x00000191de2612f0 Thread exited: 0x00000191de2612f0
Event: 1.270 Thread 0x00000191de941620 Thread added: 0x00000191de941620
Event: 1.746 Thread 0x00000191de260dd0 Thread exited: 0x00000191de260dd0
Event: 2.434 Thread 0x00000191dee21590 Thread added: 0x00000191dee21590
Event: 2.480 Thread 0x00000191dedc3ef0 Thread added: 0x00000191dedc3ef0
Event: 2.482 Thread 0x00000191dedc43d0 Thread added: 0x00000191dedc43d0
Event: 2.491 Thread 0x00000191dedc3ef0 Thread exited: 0x00000191dedc3ef0
Event: 8.719 Thread 0x00000191dee21590 Thread exited: 0x00000191dee21590
Event: 8.719 Thread 0x00000191dedc43d0 Thread exited: 0x00000191dedc43d0
Event: 9.055 Thread 0x00000191deded760 Thread added: 0x00000191deded760
Event: 9.056 Thread 0x0000019198c82100 Thread added: 0x0000019198c82100
Event: 215.421 Thread 0x0000019198c82100 Thread exited: 0x0000019198c82100


Dynamic libraries:
0x00007ff7df6f0000 - 0x00007ff7df6fe000 	C:\Program Files\Microsoft\jdk-17.0.12.7-hotspot\bin\java.exe
0x00007ffab40b0000 - 0x00007ffab42a8000 	C:\WINDOWS\SYSTEM32\ntdll.dll
0x00007ffab2620000 - 0x00007ffab26e2000 	C:\WINDOWS\System32\KERNEL32.DLL
0x00007ffab1a40000 - 0x00007ffab1d3e000 	C:\WINDOWS\System32\KERNELBASE.dll
0x00007ffab1e70000 - 0x00007ffab1f70000 	C:\WINDOWS\System32\ucrtbase.dll
0x00007ffaadc80000 - 0x00007ffaadc97000 	C:\Program Files\Microsoft\jdk-17.0.12.7-hotspot\bin\jli.dll
0x00007ffaadc60000 - 0x00007ffaadc7d000 	C:\Program Files\Microsoft\jdk-17.0.12.7-hotspot\bin\VCRUNTIME140.dll
0x00007ffab3210000 - 0x00007ffab33ad000 	C:\WINDOWS\System32\USER32.dll
0x00007ffa9e210000 - 0x00007ffa9e4aa000 	C:\WINDOWS\WinSxS\amd64_microsoft.windows.common-controls_6595b64144ccf1df_6.0.19041.4355_none_60b8b9eb71f62e16\COMCTL32.dll
0x00007ffab1750000 - 0x00007ffab1772000 	C:\WINDOWS\System32\win32u.dll
0x00007ffab3560000 - 0x00007ffab35fe000 	C:\WINDOWS\System32\msvcrt.dll
0x00007ffab3f20000 - 0x00007ffab3f4b000 	C:\WINDOWS\System32\GDI32.dll
0x00007ffab1780000 - 0x00007ffab1897000 	C:\WINDOWS\System32\gdi32full.dll
0x00007ffab18a0000 - 0x00007ffab193d000 	C:\WINDOWS\System32\msvcp_win.dll
0x00007ffab20e0000 - 0x00007ffab210f000 	C:\WINDOWS\System32\IMM32.DLL
0x00007ffaadc20000 - 0x00007ffaadc2c000 	C:\Program Files\Microsoft\jdk-17.0.12.7-hotspot\bin\vcruntime140_1.dll
0x00007ffa89c50000 - 0x00007ffa89cdd000 	C:\Program Files\Microsoft\jdk-17.0.12.7-hotspot\bin\msvcp140.dll
0x00007ffa6ed40000 - 0x00007ffa6f9b0000 	C:\Program Files\Microsoft\jdk-17.0.12.7-hotspot\bin\server\jvm.dll
0x00007ffab2940000 - 0x00007ffab29f2000 	C:\WINDOWS\System32\ADVAPI32.dll
0x00007ffab2750000 - 0x00007ffab27f0000 	C:\WINDOWS\System32\sechost.dll
0x00007ffab27f0000 - 0x00007ffab2913000 	C:\WINDOWS\System32\RPCRT4.dll
0x00007ffab1d40000 - 0x00007ffab1d67000 	C:\WINDOWS\System32\bcrypt.dll
0x00007ffab3010000 - 0x00007ffab307b000 	C:\WINDOWS\System32\WS2_32.dll
0x00007ffab0ce0000 - 0x00007ffab0d2b000 	C:\WINDOWS\SYSTEM32\POWRPROF.dll
0x00007ffaa61c0000 - 0x00007ffaa61e7000 	C:\WINDOWS\SYSTEM32\WINMM.dll
0x00007ffaa8530000 - 0x00007ffaa853a000 	C:\WINDOWS\SYSTEM32\VERSION.dll
0x00007ffab0b50000 - 0x00007ffab0b62000 	C:\WINDOWS\SYSTEM32\UMPDC.dll
0x00007ffaaf5d0000 - 0x00007ffaaf5e2000 	C:\WINDOWS\SYSTEM32\kernel.appcore.dll
0x00007ffaadc10000 - 0x00007ffaadc1a000 	C:\Program Files\Microsoft\jdk-17.0.12.7-hotspot\bin\jimage.dll
0x00007ffaa77f0000 - 0x00007ffaa79d4000 	C:\WINDOWS\SYSTEM32\DBGHELP.DLL
0x00007ffa998c0000 - 0x00007ffa998f4000 	C:\WINDOWS\SYSTEM32\dbgcore.DLL
0x00007ffab1d70000 - 0x00007ffab1df2000 	C:\WINDOWS\System32\bcryptPrimitives.dll
0x00007ffa98370000 - 0x00007ffa98395000 	C:\Program Files\Microsoft\jdk-17.0.12.7-hotspot\bin\java.dll
0x00007ffa7af20000 - 0x00007ffa7aff7000 	C:\Program Files\Microsoft\jdk-17.0.12.7-hotspot\bin\jsvml.dll
0x00007ffab37b0000 - 0x00007ffab3f1f000 	C:\WINDOWS\System32\SHELL32.dll
0x00007ffaaf7d0000 - 0x00007ffaaff74000 	C:\WINDOWS\SYSTEM32\windows.storage.dll
0x00007ffab2190000 - 0x00007ffab24e3000 	C:\WINDOWS\System32\combase.dll
0x00007ffab1180000 - 0x00007ffab11ae000 	C:\WINDOWS\SYSTEM32\Wldp.dll
0x00007ffab3600000 - 0x00007ffab36cd000 	C:\WINDOWS\System32\OLEAUT32.dll
0x00007ffab2a00000 - 0x00007ffab2aad000 	C:\WINDOWS\System32\SHCORE.dll
0x00007ffab4000000 - 0x00007ffab4055000 	C:\WINDOWS\System32\shlwapi.dll
0x00007ffab1680000 - 0x00007ffab16a4000 	C:\WINDOWS\SYSTEM32\profapi.dll
0x00007ffa97350000 - 0x00007ffa9736a000 	C:\Program Files\Microsoft\jdk-17.0.12.7-hotspot\bin\net.dll
0x00007ffaa9490000 - 0x00007ffaa959d000 	C:\WINDOWS\SYSTEM32\WINHTTP.dll
0x00007ffab0ee0000 - 0x00007ffab0f4a000 	C:\WINDOWS\system32\mswsock.dll
0x00007ffa89c30000 - 0x00007ffa89c46000 	C:\Program Files\Microsoft\jdk-17.0.12.7-hotspot\bin\nio.dll
0x00007ffa89b90000 - 0x00007ffa89ba8000 	C:\Program Files\Microsoft\jdk-17.0.12.7-hotspot\bin\zip.dll
0x00007ffaaa340000 - 0x00007ffaaa350000 	C:\Program Files\Microsoft\jdk-17.0.12.7-hotspot\bin\verify.dll
0x00007ffa89b60000 - 0x00007ffa89b87000 	C:\Users\ducma\.gradle\native\c067742578af261105cb4f569cf0c3c89f3d7b1fecec35dd04571415982c5e48\windows-amd64\native-platform.dll
0x00007ffaa3870000 - 0x00007ffaa387a000 	C:\Users\ducma\.gradle\native\jansi\1.18\windows64\jansi.dll
0x00007ffaa3850000 - 0x00007ffaa385a000 	C:\Program Files\Microsoft\jdk-17.0.12.7-hotspot\bin\management.dll
0x00007ffa9cce0000 - 0x00007ffa9cceb000 	C:\Program Files\Microsoft\jdk-17.0.12.7-hotspot\bin\management_ext.dll
0x00007ffab20d0000 - 0x00007ffab20d8000 	C:\WINDOWS\System32\PSAPI.DLL
0x00007ffab10d0000 - 0x00007ffab10e8000 	C:\WINDOWS\SYSTEM32\CRYPTSP.dll
0x00007ffab0790000 - 0x00007ffab07c4000 	C:\WINDOWS\system32\rsaenh.dll
0x00007ffab1640000 - 0x00007ffab166e000 	C:\WINDOWS\SYSTEM32\USERENV.dll
0x00007ffab10f0000 - 0x00007ffab10fc000 	C:\WINDOWS\SYSTEM32\CRYPTBASE.dll
0x00007ffab0b70000 - 0x00007ffab0bab000 	C:\WINDOWS\SYSTEM32\IPHLPAPI.DLL
0x00007ffab4060000 - 0x00007ffab4068000 	C:\WINDOWS\System32\NSI.dll
0x00007ffaaa320000 - 0x00007ffaaa337000 	C:\WINDOWS\SYSTEM32\dhcpcsvc6.DLL
0x00007ffaaac40000 - 0x00007ffaaac5d000 	C:\WINDOWS\SYSTEM32\dhcpcsvc.DLL
0x00007ffab0bc0000 - 0x00007ffab0c8a000 	C:\WINDOWS\SYSTEM32\DNSAPI.dll
0x00007ffa9bfb0000 - 0x00007ffa9bfb9000 	C:\Program Files\Microsoft\jdk-17.0.12.7-hotspot\bin\extnet.dll
0x00007ffa991d0000 - 0x00007ffa991de000 	C:\Program Files\Microsoft\jdk-17.0.12.7-hotspot\bin\sunmscapi.dll
0x00007ffab1f70000 - 0x00007ffab20cc000 	C:\WINDOWS\System32\CRYPT32.dll
0x00007ffab11f0000 - 0x00007ffab1217000 	C:\WINDOWS\SYSTEM32\ncrypt.dll
0x00007ffab11b0000 - 0x00007ffab11eb000 	C:\WINDOWS\SYSTEM32\NTASN1.dll
0x00007ffa8c590000 - 0x00007ffa8c597000 	C:\WINDOWS\system32\wshunix.dll

dbghelp: loaded successfully - version: 4.0.5 - missing functions: none
symbol engine: initialized successfully - sym options: 0x614 - pdb path: .;C:\Program Files\Microsoft\jdk-17.0.12.7-hotspot\bin;C:\WINDOWS\SYSTEM32;C:\WINDOWS\WinSxS\amd64_microsoft.windows.common-controls_6595b64144ccf1df_6.0.19041.4355_none_60b8b9eb71f62e16;C:\Program Files\Microsoft\jdk-17.0.12.7-hotspot\bin\server;C:\Users\ducma\.gradle\native\c067742578af261105cb4f569cf0c3c89f3d7b1fecec35dd04571415982c5e48\windows-amd64;C:\Users\ducma\.gradle\native\jansi\1.18\windows64

VM Arguments:
jvm_args: -Xmx64m -Xms64m -Dorg.gradle.appname=gradlew 
java_command: org.gradle.wrapper.GradleWrapperMain app:installDebug -PreactNativeDevServerPort=8081
java_class_path (initial): C:\Users\ducma\Desktop\ChuyenDe\DoAnChuyenDe\android\\gradle\wrapper\gradle-wrapper.jar
Launcher Type: SUN_STANDARD

[Global flags]
     intx CICompilerCount                          = 4                                         {product} {ergonomic}
     uint ConcGCThreads                            = 2                                         {product} {ergonomic}
     uint G1ConcRefinementThreads                  = 8                                         {product} {ergonomic}
   size_t G1HeapRegionSize                         = 1048576                                   {product} {ergonomic}
    uintx GCDrainStackTargetSize                   = 64                                        {product} {ergonomic}
   size_t InitialHeapSize                          = 67108864                                  {product} {command line}
   size_t MarkStackSize                            = 4194304                                   {product} {ergonomic}
   size_t MaxHeapSize                              = 67108864                                  {product} {command line}
   size_t MaxNewSize                               = 39845888                                  {product} {ergonomic}
   size_t MinHeapDeltaBytes                        = 1048576                                   {product} {ergonomic}
   size_t MinHeapSize                              = 67108864                                  {product} {command line}
    uintx NonNMethodCodeHeapSize                   = 5839372                                {pd product} {ergonomic}
    uintx NonProfiledCodeHeapSize                  = 122909434                              {pd product} {ergonomic}
    uintx ProfiledCodeHeapSize                     = 122909434                              {pd product} {ergonomic}
    uintx ReservedCodeCacheSize                    = 251658240                              {pd product} {ergonomic}
     bool SegmentedCodeCache                       = true                                      {product} {ergonomic}
   size_t SoftMaxHeapSize                          = 67108864                               {manageable} {ergonomic}
     bool UseCompressedClassPointers               = true                           {product lp64_product} {ergonomic}
     bool UseCompressedOops                        = true                           {product lp64_product} {ergonomic}
     bool UseG1GC                                  = true                                      {product} {ergonomic}
     bool UseLargePagesIndividualAllocation        = false                                  {pd product} {ergonomic}

Logging:
Log output configuration:
 #0: stdout all=warning uptime,level,tags
 #1: stderr all=off uptime,level,tags

Environment Variables:
JAVA_HOME=C:\Program Files\Microsoft\jdk-17.0.12.7-hotspot\
CLASSPATH=C:\Users\ducma\Desktop\ChuyenDe\DoAnChuyenDe\android\\gradle\wrapper\gradle-wrapper.jar
PATH=C:\Users\ducma\Desktop\ChuyenDe\DoAnChuyenDe\node_modules\.bin;C:\Users\ducma\Desktop\ChuyenDe\DoAnChuyenDe\node_modules\.bin;C:\Users\ducma\Desktop\ChuyenDe\node_modules\.bin;C:\Users\ducma\Desktop\node_modules\.bin;C:\Users\ducma\node_modules\.bin;C:\Users\node_modules\.bin;C:\node_modules\.bin;C:\Users\ducma\AppData\Roaming\npm\node_modules\npm\node_modules\@npmcli\run-script\lib\node-gyp-bin;C:\Program Files\Microsoft\jdk-17.0.12.7-hotspot\bin;C:\WINDOWS\system32;C:\WINDOWS;C:\WINDOWS\System32\Wbem;C:\WINDOWS\System32\WindowsPowerShell\v1.0\;C:\WINDOWS\System32\OpenSSH\;C:\Program Files\dotnet\;C:\Program Files\NVIDIA Corporation\NVIDIA NvDLISR;C:\Program Files (x86)\NVIDIA Corporation\PhysX\Common;C:\ProgramData\chocolatey\bin;C:\Program Files\nodejs\;C:\Program Files\Git\cmd;C:\Users\ducma\AppData\Local\Microsoft\WindowsApps;C:\Users\ducma\AppData\Local\Programs\Microsoft VS Code\bin;C:\Users\ducma\AppData\Roaming\npm;C:\Users\ducma\AppData\Local\Android\Sdk\platform-tools;C:\Program Files\nodejs\;
USERNAME=ducma
LANG=en_US.UTF-8
OS=Windows_NT
PROCESSOR_IDENTIFIER=AMD64 Family 23 Model 24 Stepping 1, AuthenticAMD
TMP=C:\Users\ducma\AppData\Local\Temp
TEMP=C:\Users\ducma\AppData\Local\Temp



Periodic native trim disabled


---------------  S Y S T E M  ---------------

OS:
 Windows 10 , 64 bit Build 19041 (10.0.19041.4957)
OS uptime: 0 days 4:35 hours

CPU: total 8 (initial active 8) (8 cores per cpu, 2 threads per core) family 23 model 24 stepping 1 microcode 0x0, cx8, cmov, fxsr, ht, mmx, 3dnowpref, sse, sse2, sse3, ssse3, sse4a, sse4.1, sse4.2, popcnt, lzcnt, tsc, tscinvbit, avx, avx2, aes, clmul, bmi1, bmi2, adx, sha, fma, vzeroupper, clflush, clflushopt
Processor Information for the first 8 processors :
  Max Mhz: 2300, Current Mhz: 2300, Mhz Limit: 2300

Memory: 4k page, system-wide physical 15808M (837M free)
TotalPageFile size 19904M (AvailPageFile size 1M)
current process WorkingSet (physical memory assigned to process): 99M, peak: 100M
current process commit charge ("private bytes"): 167M, peak: 169M

vm_info: OpenJDK 64-Bit Server VM (17.0.12+7-LTS) for windows-amd64 JRE (17.0.12+7-LTS), built on Jul 16 2024 18:11:44 by "MicrosoftCorporation" with unknown MS VC++:1939

END.
